  [1m[36mActiveRecord::SchemaMigration Load (5.0ms)[0m  [1m[34mSELECT "schema_migrations".* FROM "schema_migrations"[0m
Migrating to AddColumnsToPhotos (20160827212156)
  [1m[35m (0.1ms)[0m  [1m[36mbegin transaction[0m
  [1m[35m (2.9ms)[0m  [1m[35mALTER TABLE "photos" ADD "image_file_name" varchar[0m
  [1m[35m (0.2ms)[0m  [1m[35mALTER TABLE "photos" ADD "image_content_type" varchar[0m
  [1m[35m (0.2ms)[0m  [1m[35mALTER TABLE "photos" ADD "image_file_size" integer[0m
  [1m[35m (0.2ms)[0m  [1m[35mALTER TABLE "photos" ADD "image_updated_at" datetime[0m
  [1m[35mSQL (3.0ms)[0m  [1m[32mINSERT INTO "schema_migrations" ("version") VALUES (?)[0m  [["version", "20160827212156"]]
  [1m[35m (0.8ms)[0m  [1m[36mcommit transaction[0m
  [1m[36mActiveRecord::InternalMetadata Load (0.2ms)[0m  [1m[34mSELECT  "ar_internal_metadata".* FROM "ar_internal_metadata" WHERE "ar_internal_metadata"."key" = ? LIMIT ?[0m  [["key", :environment], ["LIMIT", 1]]
  [1m[35m (0.1ms)[0m  [1m[36mbegin transaction[0m
  [1m[35m (0.1ms)[0m  [1m[36mcommit transaction[0m
  [1m[36mActiveRecord::SchemaMigration Load (0.2ms)[0m  [1m[34mSELECT "schema_migrations".* FROM "schema_migrations"[0m
  [1m[36mActiveRecord::SchemaMigration Load (1.2ms)[0m  [1m[34mSELECT "schema_migrations".* FROM "schema_migrations"[0m
  [1m[36mActiveRecord::SchemaMigration Load (0.1ms)[0m  [1m[34mSELECT "schema_migrations".* FROM "schema_migrations"[0m
Migrating to AddColumnsToPhotos (20160827212156)
  [1m[35m (0.1ms)[0m  [1m[36mbegin transaction[0m
  [1m[35m (1.1ms)[0m  [1m[35mCREATE TEMPORARY TABLE "aphotos" ("id" INTEGER PRIMARY KEY AUTOINCREMENT NOT NULL, "caption" varchar, "file" varchar, "user_id" integer, "votes" integer, "created_at" datetime NOT NULL, "updated_at" datetime NOT NULL, "image_file_name" varchar, "image_content_type" varchar, "image_file_size" integer, "image_updated_at" datetime)[0m
  [1m[35m (0.3ms)[0m  [1m[32mINSERT INTO "aphotos" ("id","caption","file","user_id","votes","created_at","updated_at","image_file_name","image_content_type","image_file_size","image_updated_at")
                     SELECT "id","caption","file","user_id","votes","created_at","updated_at","image_file_name","image_content_type","image_file_size","image_updated_at" FROM "photos"[0m
  [1m[35m (4.1ms)[0m  [1m[35mDROP TABLE "photos"[0m
  [1m[35m (0.3ms)[0m  [1m[35mCREATE TABLE "photos" ("id" INTEGER PRIMARY KEY AUTOINCREMENT NOT NULL, "caption" varchar, "file" varchar, "user_id" integer, "votes" integer, "created_at" datetime NOT NULL, "updated_at" datetime NOT NULL, "image_file_name" varchar, "image_content_type" varchar, "image_file_size" integer, "image_updated_at" datetime)[0m
  [1m[35m (3.6ms)[0m  [1m[32mINSERT INTO "photos" ("id","caption","file","user_id","votes","created_at","updated_at","image_file_name","image_content_type","image_file_size","image_updated_at")
                     SELECT "id","caption","file","user_id","votes","created_at","updated_at","image_file_name","image_content_type","image_file_size","image_updated_at" FROM "aphotos"[0m
  [1m[35m (0.3ms)[0m  [1m[35mDROP TABLE "aphotos"[0m
  [1m[35m (0.3ms)[0m  [1m[35mCREATE TEMPORARY TABLE "aphotos" ("id" INTEGER PRIMARY KEY AUTOINCREMENT NOT NULL, "caption" varchar, "file" varchar, "user_id" integer, "votes" integer, "created_at" datetime NOT NULL, "updated_at" datetime NOT NULL, "image_file_name" varchar, "image_content_type" varchar, "image_file_size" integer, "image_updated_at" datetime)[0m
  [1m[35m (0.2ms)[0m  [1m[32mINSERT INTO "aphotos" ("id","caption","file","user_id","votes","created_at","updated_at","image_file_name","image_content_type","image_file_size","image_updated_at")
                     SELECT "id","caption","file","user_id","votes","created_at","updated_at","image_file_name","image_content_type","image_file_size","image_updated_at" FROM "photos"[0m
  [1m[35m (0.5ms)[0m  [1m[35mDROP TABLE "photos"[0m
  [1m[35m (0.3ms)[0m  [1m[35mCREATE TABLE "photos" ("id" INTEGER PRIMARY KEY AUTOINCREMENT NOT NULL, "caption" varchar, "file" varchar, "user_id" integer, "votes" integer, "created_at" datetime NOT NULL, "updated_at" datetime NOT NULL, "image_file_name" varchar, "image_content_type" varchar, "image_file_size" integer, "image_updated_at" datetime)[0m
  [1m[35m (0.4ms)[0m  [1m[32mINSERT INTO "photos" ("id","caption","file","user_id","votes","created_at","updated_at","image_file_name","image_content_type","image_file_size","image_updated_at")
                     SELECT "id","caption","file","user_id","votes","created_at","updated_at","image_file_name","image_content_type","image_file_size","image_updated_at" FROM "aphotos"[0m
  [1m[35m (0.4ms)[0m  [1m[35mDROP TABLE "aphotos"[0m
  [1m[35m (0.3ms)[0m  [1m[35mCREATE TEMPORARY TABLE "aphotos" ("id" INTEGER PRIMARY KEY AUTOINCREMENT NOT NULL, "caption" varchar, "file" varchar, "user_id" integer, "votes" integer, "created_at" datetime NOT NULL, "updated_at" datetime NOT NULL, "image_file_name" varchar, "image_content_type" varchar, "image_file_size" integer, "image_updated_at" datetime)[0m
  [1m[35m (0.2ms)[0m  [1m[32mINSERT INTO "aphotos" ("id","caption","file","user_id","votes","created_at","updated_at","image_file_name","image_content_type","image_file_size","image_updated_at")
                     SELECT "id","caption","file","user_id","votes","created_at","updated_at","image_file_name","image_content_type","image_file_size","image_updated_at" FROM "photos"[0m
  [1m[35m (0.2ms)[0m  [1m[35mDROP TABLE "photos"[0m
  [1m[35m (0.3ms)[0m  [1m[35mCREATE TABLE "photos" ("id" INTEGER PRIMARY KEY AUTOINCREMENT NOT NULL, "caption" varchar, "file" varchar, "user_id" integer, "votes" integer, "created_at" datetime NOT NULL, "updated_at" datetime NOT NULL, "image_file_name" varchar, "image_content_type" varchar, "image_file_size" integer, "image_updated_at" datetime)[0m
  [1m[35m (0.1ms)[0m  [1m[32mINSERT INTO "photos" ("id","caption","file","user_id","votes","created_at","updated_at","image_file_name","image_content_type","image_file_size","image_updated_at")
                     SELECT "id","caption","file","user_id","votes","created_at","updated_at","image_file_name","image_content_type","image_file_size","image_updated_at" FROM "aphotos"[0m
  [1m[35m (0.2ms)[0m  [1m[35mDROP TABLE "aphotos"[0m
  [1m[35m (0.2ms)[0m  [1m[35mCREATE TEMPORARY TABLE "aphotos" ("id" INTEGER PRIMARY KEY AUTOINCREMENT NOT NULL, "caption" varchar, "file" varchar, "user_id" integer, "votes" integer, "created_at" datetime NOT NULL, "updated_at" datetime NOT NULL, "image_file_name" varchar, "image_content_type" varchar, "image_file_size" integer, "image_updated_at" datetime)[0m
  [1m[35m (0.1ms)[0m  [1m[32mINSERT INTO "aphotos" ("id","caption","file","user_id","votes","created_at","updated_at","image_file_name","image_content_type","image_file_size","image_updated_at")
                     SELECT "id","caption","file","user_id","votes","created_at","updated_at","image_file_name","image_content_type","image_file_size","image_updated_at" FROM "photos"[0m
  [1m[35m (0.1ms)[0m  [1m[35mDROP TABLE "photos"[0m
  [1m[35m (0.1ms)[0m  [1m[35mCREATE TABLE "photos" ("id" INTEGER PRIMARY KEY AUTOINCREMENT NOT NULL, "caption" varchar, "file" varchar, "user_id" integer, "votes" integer, "created_at" datetime NOT NULL, "updated_at" datetime NOT NULL, "image_file_name" varchar, "image_content_type" varchar, "image_file_size" integer, "image_updated_at" datetime)[0m
  [1m[35m (0.2ms)[0m  [1m[32mINSERT INTO "photos" ("id","caption","file","user_id","votes","created_at","updated_at","image_file_name","image_content_type","image_file_size","image_updated_at")
                     SELECT "id","caption","file","user_id","votes","created_at","updated_at","image_file_name","image_content_type","image_file_size","image_updated_at" FROM "aphotos"[0m
  [1m[35m (0.2ms)[0m  [1m[35mDROP TABLE "aphotos"[0m
  [1m[35mSQL (1.9ms)[0m  [1m[31mDELETE FROM "schema_migrations" WHERE "schema_migrations"."version" = ?[0m  [["version", "20160827212156"]]
  [1m[35m (1.5ms)[0m  [1m[36mcommit transaction[0m
  [1m[36mActiveRecord::SchemaMigration Load (0.2ms)[0m  [1m[34mSELECT "schema_migrations".* FROM "schema_migrations"[0m
  [1m[36mActiveRecord::SchemaMigration Load (0.5ms)[0m  [1m[34mSELECT "schema_migrations".* FROM "schema_migrations"[0m
Migrating to AddColumnsToPhotos (20160827212156)
  [1m[35m (0.2ms)[0m  [1m[36mbegin transaction[0m
  [1m[35m (3.2ms)[0m  [1m[35mALTER TABLE "photos" ADD "image_file_name" varchar[0m
  [1m[35m (0.1ms)[0m  [1m[31mrollback transaction[0m
  [1m[36mActiveRecord::SchemaMigration Load (0.3ms)[0m  [1m[34mSELECT "schema_migrations".* FROM "schema_migrations"[0m
  [1m[35m (0.6ms)[0m  [1m[34mSELECT "ar_internal_metadata"."value" FROM "ar_internal_metadata" WHERE "ar_internal_metadata"."key" = ?[0m  [["key", :environment]]
  [1m[36mActiveRecord::SchemaMigration Load (0.1ms)[0m  [1m[34mSELECT "schema_migrations".* FROM "schema_migrations"[0m
  [1m[35m (0.1ms)[0m  [1m[34mSELECT "ar_internal_metadata"."value" FROM "ar_internal_metadata" WHERE "ar_internal_metadata"."key" = ?[0m  [["key", :environment]]
  [1m[36mActiveRecord::SchemaMigration Load (0.1ms)[0m  [1m[34mSELECT "schema_migrations".* FROM "schema_migrations"[0m
  [1m[35m (0.1ms)[0m  [1m[34mSELECT "ar_internal_metadata"."value" FROM "ar_internal_metadata" WHERE "ar_internal_metadata"."key" = ?[0m  [["key", :environment]]
DEPRECATION WARNING: Passing #original_exception is deprecated and has no effect. Exceptions will automatically capture the original exception. (called from load at /Users/kallaugher/.rvm/gems/ruby-2.2.3/bin/rake:23)
  [1m[35m (3.1ms)[0m  [1m[35mCREATE TABLE "schema_migrations" ("version" varchar NOT NULL PRIMARY KEY)[0m
  [1m[35m (2.9ms)[0m  [1m[35mCREATE TABLE "ar_internal_metadata" ("key" varchar NOT NULL PRIMARY KEY, "value" varchar, "created_at" datetime NOT NULL, "updated_at" datetime NOT NULL)[0m
  [1m[36mActiveRecord::SchemaMigration Load (0.3ms)[0m  [1m[34mSELECT "schema_migrations".* FROM "schema_migrations"[0m
Migrating to CreateTags (20160826205733)
  [1m[35m (0.1ms)[0m  [1m[36mbegin transaction[0m
  [1m[35m (5.7ms)[0m  [1m[35mCREATE TABLE "tags" ("id" INTEGER PRIMARY KEY AUTOINCREMENT NOT NULL, "name" varchar, "created_at" datetime NOT NULL, "updated_at" datetime NOT NULL)[0m
  [1m[35mSQL (0.3ms)[0m  [1m[32mINSERT INTO "schema_migrations" ("version") VALUES (?)[0m  [["version", "20160826205733"]]
  [1m[35m (6.1ms)[0m  [1m[36mcommit transaction[0m
Migrating to CreateUsers (20160826210026)
  [1m[35m (0.1ms)[0m  [1m[36mbegin transaction[0m
  [1m[35m (0.5ms)[0m  [1m[35mCREATE TABLE "users" ("id" INTEGER PRIMARY KEY AUTOINCREMENT NOT NULL, "name" varchar, "bio" varchar, "photo" varchar, "created_at" datetime NOT NULL, "updated_at" datetime NOT NULL)[0m
  [1m[35mSQL (0.3ms)[0m  [1m[32mINSERT INTO "schema_migrations" ("version") VALUES (?)[0m  [["version", "20160826210026"]]
  [1m[35m (2.8ms)[0m  [1m[36mcommit transaction[0m
Migrating to CreatePhotos (20160826221933)
  [1m[35m (0.1ms)[0m  [1m[36mbegin transaction[0m
  [1m[35m (7.1ms)[0m  [1m[35mCREATE TABLE "photos" ("id" INTEGER PRIMARY KEY AUTOINCREMENT NOT NULL, "caption" varchar, "file" varchar, "user_id" integer, "votes" integer, "created_at" datetime NOT NULL, "updated_at" datetime NOT NULL)[0m
  [1m[35mSQL (0.2ms)[0m  [1m[32mINSERT INTO "schema_migrations" ("version") VALUES (?)[0m  [["version", "20160826221933"]]
  [1m[35m (19.9ms)[0m  [1m[36mcommit transaction[0m
Migrating to CreatePhotoTags (20160826221957)
  [1m[35m (0.2ms)[0m  [1m[36mbegin transaction[0m
  [1m[35m (1.0ms)[0m  [1m[35mCREATE TABLE "photo_tags" ("id" INTEGER PRIMARY KEY AUTOINCREMENT NOT NULL, "tag_id" integer, "photo_id" integer, "created_at" datetime NOT NULL, "updated_at" datetime NOT NULL)[0m
  [1m[35mSQL (0.3ms)[0m  [1m[32mINSERT INTO "schema_migrations" ("version") VALUES (?)[0m  [["version", "20160826221957"]]
  [1m[35m (9.1ms)[0m  [1m[36mcommit transaction[0m
Migrating to AddColumnsToPhotos (20160827212156)
  [1m[35m (0.1ms)[0m  [1m[36mbegin transaction[0m
  [1m[35m (0.5ms)[0m  [1m[35mALTER TABLE "photos" ADD "image_file_name" varchar[0m
  [1m[35m (0.2ms)[0m  [1m[35mALTER TABLE "photos" ADD "image_content_type" varchar[0m
  [1m[35m (1.4ms)[0m  [1m[35mALTER TABLE "photos" ADD "image_file_size" integer[0m
  [1m[35m (0.3ms)[0m  [1m[35mALTER TABLE "photos" ADD "image_updated_at" datetime[0m
  [1m[35mSQL (0.2ms)[0m  [1m[32mINSERT INTO "schema_migrations" ("version") VALUES (?)[0m  [["version", "20160827212156"]]
  [1m[35m (3.9ms)[0m  [1m[36mcommit transaction[0m
  [1m[36mActiveRecord::InternalMetadata Load (0.3ms)[0m  [1m[34mSELECT  "ar_internal_metadata".* FROM "ar_internal_metadata" WHERE "ar_internal_metadata"."key" = ? LIMIT ?[0m  [["key", :environment], ["LIMIT", 1]]
  [1m[35m (0.8ms)[0m  [1m[36mbegin transaction[0m
  [1m[35mSQL (0.6ms)[0m  [1m[32mINSERT INTO "ar_internal_metadata" ("key", "value", "created_at", "updated_at") VALUES (?, ?, ?, ?)[0m  [["key", "environment"], ["value", "development"], ["created_at", 2016-08-27 21:28:59 UTC], ["updated_at", 2016-08-27 21:28:59 UTC]]
  [1m[35m (8.8ms)[0m  [1m[36mcommit transaction[0m
  [1m[36mActiveRecord::SchemaMigration Load (0.2ms)[0m  [1m[34mSELECT "schema_migrations".* FROM "schema_migrations"[0m
Started GET "/photos/new" for ::1 at 2016-08-27 17:31:57 -0400
  [1m[36mActiveRecord::SchemaMigration Load (2.4ms)[0m  [1m[34mSELECT "schema_migrations".* FROM "schema_migrations"[0m
Processing by PhotosController#new as HTML
  Rendering photos/new.html.erb within layouts/application
  Rendered photos/new.html.erb within layouts/application (117.7ms)
Completed 200 OK in 752ms (Views: 690.9ms | ActiveRecord: 0.8ms)


